[ +235 ms] Artifact Instance of 'MaterialFonts' is not required, skipping update.
[   +6 ms] Artifact Instance of 'GradleWrapper' is not required, skipping update.
[        ] Artifact Instance of 'AndroidGenSnapshotArtifacts' is not required, skipping update.
[        ] Artifact Instance of 'AndroidInternalBuildArtifacts' is not required, skipping update.
[        ] Artifact Instance of 'IOSEngineArtifacts' is not required, skipping update.
[        ] Artifact Instance of 'FlutterWebSdk' is not required, skipping update.
[   +1 ms] Artifact Instance of 'LegacyCanvasKitRemover' is not required, skipping update.
[        ] Artifact Instance of 'FlutterSdk' is not required, skipping update.
[        ] Artifact Instance of 'WindowsEngineArtifacts' is not required, skipping update.
[        ] Artifact Instance of 'MacOSEngineArtifacts' is not required, skipping update.
[        ] Artifact Instance of 'LinuxEngineArtifacts' is not required, skipping update.
[        ] Artifact Instance of 'LinuxFuchsiaSDKArtifacts' is not required, skipping update.
[        ] Artifact Instance of 'MacOSFuchsiaSDKArtifacts' is not required, skipping update.
[        ] Artifact Instance of 'FlutterRunnerSDKArtifacts' is not required, skipping update.
[        ] Artifact Instance of 'FlutterRunnerDebugSymbols' is not required, skipping update.
[        ] Artifact Instance of 'IosUsbArtifacts' is not required, skipping update.
[        ] Artifact Instance of 'IosUsbArtifacts' is not required, skipping update.
[        ] Artifact Instance of 'IosUsbArtifacts' is not required, skipping update.
[        ] Artifact Instance of 'IosUsbArtifacts' is not required, skipping update.
[        ] Artifact Instance of 'IosUsbArtifacts' is not required, skipping update.
[        ] Artifact Instance of 'IosUsbArtifacts' is not required, skipping update.
[        ] Artifact Instance of 'FontSubsetArtifacts' is not required, skipping update.
[        ] Artifact Instance of 'PubDependencies' is not required, skipping update.
[   +1 ms] executing: [C:\flutter/] git -c log.showSignature=false log HEAD -n 1 --pretty=format:%ad --date=iso
[  +84 ms] Exit code 0 from: git -c log.showSignature=false log HEAD -n 1 --pretty=format:%ad --date=iso
[        ] 2025-12-11 11:50:07 -0500
[  +21 ms] Artifact Instance of 'AndroidGenSnapshotArtifacts' is not required, skipping update.
[        ] Artifact Instance of 'AndroidInternalBuildArtifacts' is not required, skipping update.
[        ] Artifact Instance of 'IOSEngineArtifacts' is not required, skipping update.
[        ] Artifact Instance of 'FlutterWebSdk' is not required, skipping update.
[        ] Artifact Instance of 'FlutterEngineStamp' is not required, skipping update.
[        ] Artifact Instance of 'LegacyCanvasKitRemover' is not required, skipping update.
[   +3 ms] Artifact Instance of 'WindowsEngineArtifacts' is not required, skipping update.
[        ] Artifact Instance of 'MacOSEngineArtifacts' is not required, skipping update.
[        ] Artifact Instance of 'LinuxEngineArtifacts' is not required, skipping update.
[        ] Artifact Instance of 'LinuxFuchsiaSDKArtifacts' is not required, skipping update.
[        ] Artifact Instance of 'MacOSFuchsiaSDKArtifacts' is not required, skipping update.
[        ] Artifact Instance of 'FlutterRunnerSDKArtifacts' is not required, skipping update.
[        ] Artifact Instance of 'FlutterRunnerDebugSymbols' is not required, skipping update.
[  +71 ms] Artifact Instance of 'MaterialFonts' is not required, skipping update.
[        ] Artifact Instance of 'GradleWrapper' is not required, skipping update.
[        ] Artifact Instance of 'AndroidGenSnapshotArtifacts' is not required, skipping update.
[        ] Artifact Instance of 'AndroidInternalBuildArtifacts' is not required, skipping update.
[        ] Artifact Instance of 'IOSEngineArtifacts' is not required, skipping update.
[        ] Artifact Instance of 'FlutterWebSdk' is not required, skipping update.
[        ] Artifact Instance of 'FlutterEngineStamp' is not required, skipping update.
[        ] Artifact Instance of 'LegacyCanvasKitRemover' is not required, skipping update.
[        ] Artifact Instance of 'FlutterSdk' is not required, skipping update.
[   +2 ms] Artifact Instance of 'MacOSEngineArtifacts' is not required, skipping update.
[        ] Artifact Instance of 'LinuxEngineArtifacts' is not required, skipping update.
[        ] Artifact Instance of 'LinuxFuchsiaSDKArtifacts' is not required, skipping update.
[        ] Artifact Instance of 'MacOSFuchsiaSDKArtifacts' is not required, skipping update.
[        ] Artifact Instance of 'FlutterRunnerSDKArtifacts' is not required, skipping update.
[        ] Artifact Instance of 'FlutterRunnerDebugSymbols' is not required, skipping update.
[        ] Artifact Instance of 'IosUsbArtifacts' is not required, skipping update.
[        ] Artifact Instance of 'IosUsbArtifacts' is not required, skipping update.
[        ] Artifact Instance of 'IosUsbArtifacts' is not required, skipping update.
[        ] Artifact Instance of 'IosUsbArtifacts' is not required, skipping update.
[        ] Artifact Instance of 'IosUsbArtifacts' is not required, skipping update.
[        ] Artifact Instance of 'IosUsbArtifacts' is not required, skipping update.
[        ] Artifact Instance of 'FontSubsetArtifacts' is not required, skipping update.
[        ] Artifact Instance of 'PubDependencies' is not required, skipping update.
[  +28 ms] executing: [C:\Users\TorrentsDR/] C:\flutter\bin\cache\dart-sdk\bin\dart pub --suppress-analytics --directory . get --example
Resolving dependencies...
Downloading packages...
  bloc 8.1.4 (9.2.0 available)
  characters 1.4.0 (1.4.1 available)
  flutter_bloc 8.1.6 (9.1.1 available)
  google_fonts 6.3.3 (7.0.0 available)
  matcher 0.12.17 (0.12.18 available)
  material_color_utilities 0.11.1 (0.13.0 available)
  permission_handler 11.4.0 (12.0.1 available)
  permission_handler_android 12.1.0 (13.0.1 available)
  test_api 0.7.7 (0.7.8 available)
Got dependencies!
9 packages have newer versions incompatible with dependency constraints.
Try `flutter pub outdated` for more information.
[ +961 ms] Found plugin integration_test at C:\flutter\packages\integration_test\
[ +104 ms] Found plugin url_launcher at C:\Users\wind xebec\AppData\Local\Pub\Cache\hosted\pub.dev\url_launcher-6.3.2\
[   +2 ms] Found plugin url_launcher_windows at C:\Users\wind xebec\AppData\Local\Pub\Cache\hosted\pub.dev\url_launcher_windows-3.1.5\
[   +8 ms] Found plugin url_launcher_web at C:\Users\wind xebec\AppData\Local\Pub\Cache\hosted\pub.dev\url_launcher_web-2.4.1\
[   +6 ms] Found plugin url_launcher_macos at C:\Users\wind xebec\AppData\Local\Pub\Cache\hosted\pub.dev\url_launcher_macos-3.2.5\
[   +3 ms] Found plugin url_launcher_linux at C:\Users\wind xebec\AppData\Local\Pub\Cache\hosted\pub.dev\url_launcher_linux-3.2.2\
[   +5 ms] Found plugin url_launcher_ios at C:\Users\wind xebec\AppData\Local\Pub\Cache\hosted\pub.dev\url_launcher_ios-6.3.6\
[   +2 ms] Found plugin url_launcher_android at C:\Users\wind xebec\AppData\Local\Pub\Cache\hosted\pub.dev\url_launcher_android-6.3.28\
[   +2 ms] Found plugin shared_preferences at C:\Users\wind xebec\AppData\Local\Pub\Cache\hosted\pub.dev\shared_preferences-2.5.4\
[   +2 ms] Found plugin shared_preferences_windows at C:\Users\wind xebec\AppData\Local\Pub\Cache\hosted\pub.dev\shared_preferences_windows-2.4.1\
[   +3 ms] Found plugin path_provider_windows at C:\Users\wind xebec\AppData\Local\Pub\Cache\hosted\pub.dev\path_provider_windows-2.3.0\
[   +3 ms] Found plugin shared_preferences_web at C:\Users\wind xebec\AppData\Local\Pub\Cache\hosted\pub.dev\shared_preferences_web-2.4.3\
[   +1 ms] Found plugin shared_preferences_linux at C:\Users\wind xebec\AppData\Local\Pub\Cache\hosted\pub.dev\shared_preferences_linux-2.4.1\
[   +2 ms] Found plugin path_provider_linux at C:\Users\wind xebec\AppData\Local\Pub\Cache\hosted\pub.dev\path_provider_linux-2.2.1\
[   +4 ms] Found plugin shared_preferences_foundation at C:\Users\wind xebec\AppData\Local\Pub\Cache\hosted\pub.dev\shared_preferences_foundation-2.5.6\
[   +2 ms] Found plugin shared_preferences_android at C:\Users\wind xebec\AppData\Local\Pub\Cache\hosted\pub.dev\shared_preferences_android-2.4.18\
[   +4 ms] Found plugin share_plus at C:\Users\wind xebec\AppData\Local\Pub\Cache\hosted\pub.dev\share_plus-12.0.1\
[  +19 ms] Found plugin path_provider at C:\Users\wind xebec\AppData\Local\Pub\Cache\hosted\pub.dev\path_provider-2.1.5\
[   +4 ms] Found plugin path_provider_foundation at C:\Users\wind xebec\AppData\Local\Pub\Cache\hosted\pub.dev\path_provider_foundation-2.5.1\
[   +3 ms] Found plugin path_provider_android at C:\Users\wind xebec\AppData\Local\Pub\Cache\hosted\pub.dev\path_provider_android-2.2.22\
[   +9 ms] Found plugin rust_lib_torrent_app at C:\Users\TorrentsDR\rust_builder\
[   +3 ms] Found plugin permission_handler at C:\Users\wind xebec\AppData\Local\Pub\Cache\hosted\pub.dev\permission_handler-11.4.0\
[   +2 ms] Found plugin permission_handler_windows at C:\Users\wind xebec\AppData\Local\Pub\Cache\hosted\pub.dev\permission_handler_windows-0.2.1\
[   +5 ms] Found plugin permission_handler_html at C:\Users\wind xebec\AppData\Local\Pub\Cache\hosted\pub.dev\permission_handler_html-0.1.3+5\
[   +2 ms] Found plugin permission_handler_apple at C:\Users\wind xebec\AppData\Local\Pub\Cache\hosted\pub.dev\permission_handler_apple-9.4.7\
[   +3 ms] Found plugin permission_handler_android at C:\Users\wind xebec\AppData\Local\Pub\Cache\hosted\pub.dev\permission_handler_android-12.1.0\
[  +27 ms] Found plugin file_picker at C:\Users\wind xebec\AppData\Local\Pub\Cache\hosted\pub.dev\file_picker-10.3.8\
[   +2 ms] Found plugin flutter_plugin_android_lifecycle at C:\Users\wind xebec\AppData\Local\Pub\Cache\hosted\pub.dev\flutter_plugin_android_lifecycle-2.0.33\
[  +44 ms] Found plugin integration_test at C:\flutter\packages\integration_test\
[  +58 ms] Found plugin url_launcher at C:\Users\wind xebec\AppData\Local\Pub\Cache\hosted\pub.dev\url_launcher-6.3.2\
[   +1 ms] Found plugin url_launcher_windows at C:\Users\wind xebec\AppData\Local\Pub\Cache\hosted\pub.dev\url_launcher_windows-3.1.5\
[   +4 ms] Found plugin url_launcher_web at C:\Users\wind xebec\AppData\Local\Pub\Cache\hosted\pub.dev\url_launcher_web-2.4.1\
[   +4 ms] Found plugin url_launcher_macos at C:\Users\wind xebec\AppData\Local\Pub\Cache\hosted\pub.dev\url_launcher_macos-3.2.5\
[   +1 ms] Found plugin url_launcher_linux at C:\Users\wind xebec\AppData\Local\Pub\Cache\hosted\pub.dev\url_launcher_linux-3.2.2\
[   +1 ms] Found plugin url_launcher_ios at C:\Users\wind xebec\AppData\Local\Pub\Cache\hosted\pub.dev\url_launcher_ios-6.3.6\
[   +1 ms] Found plugin url_launcher_android at C:\Users\wind xebec\AppData\Local\Pub\Cache\hosted\pub.dev\url_launcher_android-6.3.28\
[   +1 ms] Found plugin shared_preferences at C:\Users\wind xebec\AppData\Local\Pub\Cache\hosted\pub.dev\shared_preferences-2.5.4\
[   +1 ms] Found plugin shared_preferences_windows at C:\Users\wind xebec\AppData\Local\Pub\Cache\hosted\pub.dev\shared_preferences_windows-2.4.1\
[   +2 ms] Found plugin path_provider_windows at C:\Users\wind xebec\AppData\Local\Pub\Cache\hosted\pub.dev\path_provider_windows-2.3.0\
[   +2 ms] Found plugin shared_preferences_web at C:\Users\wind xebec\AppData\Local\Pub\Cache\hosted\pub.dev\shared_preferences_web-2.4.3\
[   +2 ms] Found plugin shared_preferences_linux at C:\Users\wind xebec\AppData\Local\Pub\Cache\hosted\pub.dev\shared_preferences_linux-2.4.1\
[   +2 ms] Found plugin path_provider_linux at C:\Users\wind xebec\AppData\Local\Pub\Cache\hosted\pub.dev\path_provider_linux-2.2.1\
[   +3 ms] Found plugin shared_preferences_foundation at C:\Users\wind xebec\AppData\Local\Pub\Cache\hosted\pub.dev\shared_preferences_foundation-2.5.6\
[   +1 ms] Found plugin shared_preferences_android at C:\Users\wind xebec\AppData\Local\Pub\Cache\hosted\pub.dev\shared_preferences_android-2.4.18\
[   +1 ms] Found plugin share_plus at C:\Users\wind xebec\AppData\Local\Pub\Cache\hosted\pub.dev\share_plus-12.0.1\
[   +7 ms] Found plugin path_provider at C:\Users\wind xebec\AppData\Local\Pub\Cache\hosted\pub.dev\path_provider-2.1.5\
[   +1 ms] Found plugin path_provider_foundation at C:\Users\wind xebec\AppData\Local\Pub\Cache\hosted\pub.dev\path_provider_foundation-2.5.1\
[   +1 ms] Found plugin path_provider_android at C:\Users\wind xebec\AppData\Local\Pub\Cache\hosted\pub.dev\path_provider_android-2.2.22\
[   +3 ms] Found plugin rust_lib_torrent_app at C:\Users\TorrentsDR\rust_builder\
[   +2 ms] Found plugin permission_handler at C:\Users\wind xebec\AppData\Local\Pub\Cache\hosted\pub.dev\permission_handler-11.4.0\
[   +1 ms] Found plugin permission_handler_windows at C:\Users\wind xebec\AppData\Local\Pub\Cache\hosted\pub.dev\permission_handler_windows-0.2.1\
[   +3 ms] Found plugin permission_handler_html at C:\Users\wind xebec\AppData\Local\Pub\Cache\hosted\pub.dev\permission_handler_html-0.1.3+5\
[   +1 ms] Found plugin permission_handler_apple at C:\Users\wind xebec\AppData\Local\Pub\Cache\hosted\pub.dev\permission_handler_apple-9.4.7\
[   +2 ms] Found plugin permission_handler_android at C:\Users\wind xebec\AppData\Local\Pub\Cache\hosted\pub.dev\permission_handler_android-12.1.0\
[  +12 ms] Found plugin file_picker at C:\Users\wind xebec\AppData\Local\Pub\Cache\hosted\pub.dev\file_picker-10.3.8\
[   +1 ms] Found plugin flutter_plugin_android_lifecycle at C:\Users\wind xebec\AppData\Local\Pub\Cache\hosted\pub.dev\flutter_plugin_android_lifecycle-2.0.33\
[  +11 ms] Generating C:\Users\TorrentsDR\android\app\src\main\java\io\flutter\plugins\GeneratedPluginRegistrant.java
[  +16 ms] Skipping generating GeneratedPluginRegistrant.java because it is up-to-date.
[   +5 ms] Skipping generating generated_plugin_registrant.h because it is up-to-date.
[   +1 ms] Skipping generating generated_plugin_registrant.cc because it is up-to-date.
[   +1 ms] Skipping generating generated_plugins.cmake because it is up-to-date.
[   +3 ms] Skipping generating generated_plugin_registrant.h because it is up-to-date.
[   +1 ms] Skipping generating generated_plugin_registrant.cc because it is up-to-date.
[   +1 ms] Skipping generating generated_plugins.cmake because it is up-to-date.
[  +92 ms] executing: C:\Program Files (x86)\Microsoft Visual Studio\Installer\vswhere.exe -format json -products * -utf8 -latest -version 16 -requires Microsoft.VisualStudio.Workload.NativeDesktop Microsoft.VisualStudio.Component.VC.Tools.x86.x64 Microsoft.VisualStudio.Component.VC.CMake.Project
[  +79 ms] Exit code 0 from: C:\Program Files (x86)\Microsoft Visual Studio\Installer\vswhere.exe -format json -products * -utf8 -latest -version 16 -requires Microsoft.VisualStudio.Workload.NativeDesktop Microsoft.VisualStudio.Component.VC.Tools.x86.x64 Microsoft.VisualStudio.Component.VC.CMake.Project
[        ] [
             {
               "instanceId": "bfaa7bd2",
               "installDate": "2025-04-28T18:16:41Z",
               "installationName": "VisualStudio/17.14.23+36811.4",
               "installationPath": "C:\\Program Files\\Microsoft Visual Studio\\2022\\Community",
               "installationVersion": "17.14.36811.4",
               "productId": "Microsoft.VisualStudio.Product.Community",
               "productPath": "C:\\Program Files\\Microsoft Visual Studio\\2022\\Community\\Common7\\IDE\\devenv.exe",
               "state": 4294967295,
               "isComplete": true,
               "isLaunchable": true,
               "isPrerelease": false,
               "isRebootRequired": false,
               "displayName": "Visual Studio Community 2022",
               "description": "Powerful IDE, free for students, open-source contributors, and individuals",
               "channelId": "VisualStudio.17.Release",
               "channelUri": "https://aka.ms/vs/17/release/channel",
               "enginePath": "C:\\Program Files (x86)\\Microsoft Visual Studio\\Installer\\resources\\app\\ServiceHub\\Services\\Microsoft.VisualStudio.Setup.Service",
               "installedChannelId": "VisualStudio.17.Release",
               "installedChannelUri": "https://aka.ms/vs/17/release/channel",
               "releaseNotes": "https://docs.microsoft.com/en-us/visualstudio/releases/2022/release-notes-v17.14#17.14.23",
               "resolvedInstallationPath": "C:\\Program Files\\Microsoft Visual Studio\\2022\\Community",
               "thirdPartyNotices": "https://go.microsoft.com/fwlink/?LinkId=661288",
               "updateDate": "2025-12-22T16:53:03.1951295Z",
               "catalog": {
                 "buildBranch": "d17.14",
                 "buildVersion": "17.14.36811.4",
                 "id": "VisualStudio/17.14.23+36811.4",
                 "localBuild": "build-lab",
                 "manifestName": "VisualStudio",
                 "manifestType": "installer",
                 "productDisplayVersion": "17.14.23",
                 "productLine": "Dev17",
                 "productLineVersion": "2022",
                 "productMilestone": "RTW",
                 "productMilestoneIsPreRelease": "False",
                 "productName": "Visual Studio",
                 "productPatchVersion": "23",
                 "productPreReleaseMilestoneSuffix": "1.0",
                 "productSemanticVersion": "17.14.23+36811.4",
                 "requiredEngineVersion": "3.14.2086.54749"
               },
               "properties": {
                 "appLocalWPF": "false",
                 "campaignId": "",
                 "canceled": "0",
                 "channelManifestId": "VisualStudio.17.Release/17.14.23+36811.4",
                 "includeRecommended": "0",
                 "nickname": "",
                 "setupEngineFilePath": "C:\\Program Files (x86)\\Microsoft Visual Studio\\Installer\\setup.exe"
               }
             }
           ]
[   +4 ms] Building Windows application...
[   +8 ms] executing: C:\Program Files\Microsoft Visual Studio\2022\Community\Common7\IDE\CommonExtensions\Microsoft\CMake\CMake\bin\cmake.exe -S C:\Users\TorrentsDR\windows -B C:\Users\TorrentsDR\build\windows\x64 -G Visual Studio 17 2022 -A x64 -DFLUTTER_TARGET_PLATFORM=windows-x64
[  +83 ms] -- Selecting Windows SDK version 10.0.26100.0 to target Windows 10.0.26200.
C:\flutter\bin\flutter.bat : [  +67 ms] Nuget.exe not found, trying to download or use cached version.
At line:1 char:1
+ C:\flutter\bin\flutter.bat build windows --debug -v > build_log.txt 2 ...
+ ~~~~~~~~~~~~~~~~~~~~~~~~~~~~~~~~~~~~~~~~~~~~~~~~~~~~~~~~~~~~~~~~~~~~~
    + CategoryInfo          : NotSpecified: ([  +67 ms] Nuge...cached version.:String) [], RemoteException
    + FullyQualifiedErrorId : NativeCommandError
 
[+1932 ms] Feeds used:
[        ]   C:\Users\wind xebec\.nuget\packages\
[        ]   https://api.nuget.org/v3/index.json
[        ]   C:\Program Files (x86)\Microsoft SDKs\NuGetPackages\
[  +91 ms] Package "Microsoft.Windows.CppWinRT.2.0.210806.1" is already installed.
[+1320 ms] -- Configuring done (3.4s)
[+1129 ms] -- Generating done (1.1s)
[  +24 ms] -- Build files have been written to: C:/Users/TorrentsDR/build/windows/x64
[  +27 ms] executing: C:\Program Files\Microsoft Visual Studio\2022\Community\Common7\IDE\CommonExtensions\Microsoft\CMake\CMake\bin\cmake.exe --build C:\Users\TorrentsDR\build\windows\x64 --config Debug --target INSTALL --verbose
[ +123 ms] Change Dir: 'C:/Users/TorrentsDR/build/windows/x64'
[        ] Run Build Command(s): "C:/Program Files/Microsoft Visual Studio/2022/Community/MSBuild/Current/Bin/amd64/MSBuild.exe" INSTALL.vcxproj /p:Configuration=Debug /p:Platform=x64 /p:VisualStudioVersion=17.0 /v:n
[ +118 ms] MSBuild version 17.14.23+b0019275e for .NET Framework
[  +63 ms] Build started 9/01/2026 1:52:12 PM.
[ +325 ms] Project "C:\Users\TorrentsDR\build\windows\x64\INSTALL.vcxproj" on node 1 (default targets).
[        ] Project "C:\Users\TorrentsDR\build\windows\x64\INSTALL.vcxproj" (1) is building "C:\Users\TorrentsDR\build\windows\x64\ZERO_CHECK.vcxproj" (2) on node 1 (default targets).
[        ] PrepareForBuild:
[        ]   Structured output is enabled. The formatting of compiler diagnostics will reflect the error hierarchy. See https://aka.ms/cpp/structured-output for more details.
[   +5 ms] InitializeBuildStatus:
[        ]   Creating "x64\Debug\ZERO_CHECK\ZERO_CHECK.tlog\unsuccessfulbuild" because "AlwaysCreate" was specified.
[        ]   Touching "x64\Debug\ZERO_CHECK\ZERO_CHECK.tlog\unsuccessfulbuild".
[  +19 ms] CustomBuild:
[        ]   All outputs are up-to-date.
[  +47 ms] FinalizeBuildStatus:
[        ]   Deleting file "x64\Debug\ZERO_CHECK\ZERO_CHECK.tlog\unsuccessfulbuild".
[   +1 ms]   Touching "x64\Debug\ZERO_CHECK\ZERO_CHECK.tlog\ZERO_CHECK.lastbuildstate".
[   +1 ms] Done Building Project "C:\Users\TorrentsDR\build\windows\x64\ZERO_CHECK.vcxproj" (default targets).
[  +88 ms] Project "C:\Users\TorrentsDR\build\windows\x64\INSTALL.vcxproj" (1) is building "C:\Users\TorrentsDR\build\windows\x64\ALL_BUILD.vcxproj" (3) on node 1 (default targets).
[        ] Project "C:\Users\TorrentsDR\build\windows\x64\ALL_BUILD.vcxproj" (3) is building "C:\Users\TorrentsDR\build\windows\x64\plugins\rust_lib_torrent_app\rust_lib_torrent_app_cargokit.vcxproj" (4) on node 1 (default targets).
[        ] PrepareForBuild:
[        ]   Structured output is enabled. The formatting of compiler diagnostics will reflect the error hierarchy. See https://aka.ms/cpp/structured-output for more details.
[   +2 ms] InitializeBuildStatus:
[        ]   Creating "x64\Debug\rust_lib_torrent_app_cargokit\rust_lib.4510C604.tlog\unsuccessfulbuild" because "AlwaysCreate" was specified.
[        ]   Touching "x64\Debug\rust_lib_torrent_app_cargokit\rust_lib.4510C604.tlog\unsuccessfulbuild".
[   +7 ms] CustomBuild:
[        ]   "The build of 'C:\Users\TorrentsDR\build\windows\x64\CMakeFiles\14ec029eaa2743620064321766111cde\rust_lib_torrent_app_cargokit.rule' depends on 'C:\USERS\TORRENTSDR\BUILD\WINDOWS\X64\PLUGINS\RUST_LIB_TORRENT_APP\DEBUG\RUST_LIB_TORRENT_APP.DLL' which is produced by the build of 'C:\Users\TorrentsDR\build\windows\x64\CMakeFiles\d47ab6db8e6f62c889fed38a144a8bd9\rust_lib_torrent_app.dll.rule'. The items cannot be built in parallel."
[ +110 ms]   Generating Debug/rust_lib_torrent_app.dll, _phony_
[ +479 ms]   INFO: Precompiled binaries are disabled
[ +262 ms]   INFO: Building torrent-core for x86_64-pc-windows-msvc
[+1031 ms] FinalizeBuildStatus:
[        ]   Deleting file "x64\Debug\rust_lib_torrent_app_cargokit\rust_lib.4510C604.tlog\unsuccessfulbuild".
[        ]   Touching "x64\Debug\rust_lib_torrent_app_cargokit\rust_lib.4510C604.tlog\rust_lib_torrent_app_cargokit.lastbuildstate".
[        ] Done Building Project "C:\Users\TorrentsDR\build\windows\x64\plugins\rust_lib_torrent_app\rust_lib_torrent_app_cargokit.vcxproj" (default targets).
[  +75 ms] Project "C:\Users\TorrentsDR\build\windows\x64\ALL_BUILD.vcxproj" (3) is building "C:\Users\TorrentsDR\build\windows\x64\flutter\flutter_wrapper_app.vcxproj" (5) on node 1 (default targets).
[        ] Project "C:\Users\TorrentsDR\build\windows\x64\flutter\flutter_wrapper_app.vcxproj" (5) is building "C:\Users\TorrentsDR\build\windows\x64\flutter\flutter_assemble.vcxproj" (6) on node 1 (default targets).
[        ] PrepareForBuild:
[        ]   Structured output is enabled. The formatting of compiler diagnostics will reflect the error hierarchy. See https://aka.ms/cpp/structured-output for more details.
[   +1 ms] InitializeBuildStatus:
[        ]   Creating "x64\Debug\flutter_assemble\flutter_assemble.tlog\unsuccessfulbuild" because "AlwaysCreate" was specified.
[        ]   Touching "x64\Debug\flutter_assemble\flutter_assemble.tlog\unsuccessfulbuild".
[  +11 ms] CustomBuild:
[        ]   "The build of 'C:\Users\TorrentsDR\build\windows\x64\CMakeFiles\a6141ada484e074ef7c16676e0de4fa1\flutter_assemble.rule' depends on 'C:\USERS\TORRENTSDR\WINDOWS\FLUTTER\EPHEMERAL\FLUTTER_WINDOWS.DLL' which is produced by the build of 'C:\Users\TorrentsDR\build\windows\x64\CMakeFiles\a969614a6d0cc0cc3299301ca66bff39\flutter_windows.dll.rule'. The items cannot be built in parallel."
[  +56 ms]   Generating C:/Users/TorrentsDR/windows/flutter/ephemeral/flutter_windows.dll, C:/Users/TorrentsDR/windows/flutter/ephemeral/flutter_export.h, C:/Users/TorrentsDR/windows/flutter/ephemeral/flutter_windows.h, C:/Users/TorrentsDR/windows/flutter/ephemeral/flutter_messenger.h, C:/Users/TorrentsDR/windows/flutter/ephemeral/flutter_plugin_registrar.h, C:/Users/TorrentsDR/windows/flutter/ephemeral/flutter_texture_registrar.h, C:/Users/TorrentsDR/windows/flutter/ephemeral/cpp_client_wrapper/core_implementations.cc, C:/Users/TorrentsDR/windows/flutter/ephemeral/cpp_client_wrapper/standard_codec.cc, C:/Users/TorrentsDR/windows/flutter/ephemeral/cpp_client_wrapper/plugin_registrar.cc, C:/Users/TorrentsDR/windows/flutter/ephemeral/cpp_client_wrapper/flutter_engine.cc, C:/Users/TorrentsDR/windows/flutter/ephemeral/cpp_client_wrapper/flutter_view_controller.cc, _phony_
[+1838 ms]   [ +207 ms] Artifact Instance of 'MaterialFonts' is not required, skipping update.
[        ]   [   +4 ms] Artifact Instance of 'GradleWrapper' is not required, skipping update.
[        ]   [        ] Artifact Instance of 'AndroidGenSnapshotArtifacts' is not required, skipping update.
[        ]   [        ] Artifact Instance of 'AndroidInternalBuildArtifacts' is not required, skipping update.
[        ]   [        ] Artifact Instance of 'IOSEngineArtifacts' is not required, skipping update.
[        ]   [        ] Artifact Instance of 'FlutterWebSdk' is not required, skipping update.
[        ]   [   +1 ms] Artifact Instance of 'LegacyCanvasKitRemover' is not required, skipping update.
[        ]   [        ] Artifact Instance of 'FlutterSdk' is not required, skipping update.
[        ]   [        ] Artifact Instance of 'WindowsEngineArtifacts' is not required, skipping update.
[        ]   [        ] Artifact Instance of 'MacOSEngineArtifacts' is not required, skipping update.
[        ]   [        ] Artifact Instance of 'LinuxEngineArtifacts' is not required, skipping update.
[        ]   [        ] Artifact Instance of 'LinuxFuchsiaSDKArtifacts' is not required, skipping update.
[        ]   [        ] Artifact Instance of 'MacOSFuchsiaSDKArtifacts' is not required, skipping update.
[        ]   [        ] Artifact Instance of 'FlutterRunnerSDKArtifacts' is not required, skipping update.
[        ]   [        ] Artifact Instance of 'FlutterRunnerDebugSymbols' is not required, skipping update.
[        ]   [        ] Artifact Instance of 'IosUsbArtifacts' is not required, skipping update.
[        ]   [        ] Artifact Instance of 'IosUsbArtifacts' is not required, skipping update.
[        ]   [        ] Artifact Instance of 'IosUsbArtifacts' is not required, skipping update.
[        ]   [        ] Artifact Instance of 'IosUsbArtifacts' is not required, skipping update.
[        ]   [        ] Artifact Instance of 'IosUsbArtifacts' is not required, skipping update.
[        ]   [        ] Artifact Instance of 'IosUsbArtifacts' is not required, skipping update.
[        ]   [        ] Artifact Instance of 'FontSubsetArtifacts' is not required, skipping update.
[        ]   [        ] Artifact Instance of 'PubDependencies' is not required, skipping update.
[   +5 ms]   [  +17 ms] Artifact Instance of 'AndroidGenSnapshotArtifacts' is not required, skipping update.
[        ]   [        ] Artifact Instance of 'AndroidInternalBuildArtifacts' is not required, skipping update.
[        ]   [        ] Artifact Instance of 'IOSEngineArtifacts' is not required, skipping update.
[        ]   [        ] Artifact Instance of 'FlutterWebSdk' is not required, skipping update.
[        ]   [        ] Artifact Instance of 'FlutterEngineStamp' is not required, skipping update.
[        ]   [        ] Artifact Instance of 'LegacyCanvasKitRemover' is not required, skipping update.
[   +4 ms]   [   +4 ms] Artifact Instance of 'WindowsEngineArtifacts' is not required, skipping update.
[        ]   [        ] Artifact Instance of 'MacOSEngineArtifacts' is not required, skipping update.
[        ]   [        ] Artifact Instance of 'LinuxEngineArtifacts' is not required, skipping update.
[        ]   [        ] Artifact Instance of 'LinuxFuchsiaSDKArtifacts' is not required, skipping update.
[        ]   [        ] Artifact Instance of 'MacOSFuchsiaSDKArtifacts' is not required, skipping update.
[        ]   [        ] Artifact Instance of 'FlutterRunnerSDKArtifacts' is not required, skipping update.
[        ]   [        ] Artifact Instance of 'FlutterRunnerDebugSymbols' is not required, skipping update.
[ +100 ms]   [ +101 ms] Artifact Instance of 'MaterialFonts' is not required, skipping update.
[        ]   [        ] Artifact Instance of 'GradleWrapper' is not required, skipping update.
[        ]   [        ] Artifact Instance of 'AndroidGenSnapshotArtifacts' is not required, skipping update.
[        ]   [        ] Artifact Instance of 'AndroidInternalBuildArtifacts' is not required, skipping update.
[        ]   [        ] Artifact Instance of 'IOSEngineArtifacts' is not required, skipping update.
[        ]   [        ] Artifact Instance of 'FlutterWebSdk' is not required, skipping update.
[        ]   [        ] Artifact Instance of 'FlutterEngineStamp' is not required, skipping update.
[        ]   [        ] Artifact Instance of 'LegacyCanvasKitRemover' is not required, skipping update.
[        ]   [        ] Artifact Instance of 'FlutterSdk' is not required, skipping update.
[   +2 ms]   [   +3 ms] Artifact Instance of 'MacOSEngineArtifacts' is not required, skipping update.
[        ]   [        ] Artifact Instance of 'LinuxEngineArtifacts' is not required, skipping update.
[        ]   [        ] Artifact Instance of 'LinuxFuchsiaSDKArtifacts' is not required, skipping update.
[        ]   [        ] Artifact Instance of 'MacOSFuchsiaSDKArtifacts' is not required, skipping update.
[        ]   [        ] Artifact Instance of 'FlutterRunnerSDKArtifacts' is not required, skipping update.
[        ]   [        ] Artifact Instance of 'FlutterRunnerDebugSymbols' is not required, skipping update.
[        ]   [        ] Artifact Instance of 'IosUsbArtifacts' is not required, skipping update.
[        ]   [        ] Artifact Instance of 'IosUsbArtifacts' is not required, skipping update.
[        ]   [        ] Artifact Instance of 'IosUsbArtifacts' is not required, skipping update.
[        ]   [        ] Artifact Instance of 'IosUsbArtifacts' is not required, skipping update.
[        ]   [        ] Artifact Instance of 'IosUsbArtifacts' is not required, skipping update.
[        ]   [        ] Artifact Instance of 'IosUsbArtifacts' is not required, skipping update.
[        ]   [        ] Artifact Instance of 'FontSubsetArtifacts' is not required, skipping update.
[        ]   [        ] Artifact Instance of 'PubDependencies' is not required, skipping update.
[  +67 ms]   [  +67 ms] Initializing file store
[  +29 ms]   [  +29 ms] Done initializing file store
[  +93 ms]   [  +93 ms] Skipping target: dart_build
[   +3 ms]   [   +3 ms] Skipping target: gen_dart_plugin_registrant
[+4186 ms]   [+4185 ms] Skipping target: unpack_windows
[   +1 ms]   [   +1 ms] Skipping target: install_code_assets
[        ]   [        ] Skipping target: gen_localizations
[+1755 ms]   [+1754 ms] Skipping target: kernel_snapshot_program
[  +21 ms]   [  +21 ms] invalidated build due to missing files: C:\Users\TorrentsDR\DOES_NOT_EXIST_RERUN_FOR_WILDCARD237160494
[ +664 ms]   [ +664 ms] debug_bundle_windows-x64_assets: Starting due to {InvalidatedReasonKind.inputMissing: The following inputs were missing: C:\Users\TorrentsDR\DOES_NOT_EXIST_RERUN_FOR_WILDCARD237160494}
[ +485 ms]   [ +485 ms] Manifest contained wildcard assets. Inserting missing file into build graph to force rerun. for more information see #56466.
[  +20 ms]   [  +21 ms] shaderc command: [C:\flutter\bin\cache\artifacts\engine\windows-x64\impellerc.exe, --sksl, --runtime-stage-gles, --runtime-stage-gles3, --runtime-stage-vulkan, --iplr, --sl=C:\Users\TorrentsDR\build\flutter_assets\shaders/ink_sparkle.frag, --spirv=C:\Users\TorrentsDR\build\flutter_assets\shaders/ink_sparkle.frag.spirv, --input=C:\flutter\packages\flutter\lib\src\material\shaders\ink_sparkle.frag, --input-type=frag, --include=C:\flutter\packages\flutter\lib\src\material\shaders, --include=C:\flutter\bin\cache\artifacts\engine\windows-x64\shader_lib]
[   +2 ms]   [   +3 ms] shaderc command: [C:\flutter\bin\cache\artifacts\engine\windows-x64\impellerc.exe, --sksl, --runtime-stage-gles, --runtime-stage-gles3, --runtime-stage-vulkan, --iplr, --sl=C:\Users\TorrentsDR\build\flutter_assets\shaders/stretch_effect.frag, --spirv=C:\Users\TorrentsDR\build\flutter_assets\shaders/stretch_effect.frag.spirv, --input=C:\flutter\packages\flutter\lib\src\material\shaders\stretch_effect.frag, --input-type=frag, --include=C:\flutter\packages\flutter\lib\src\material\shaders, --include=C:\flutter\bin\cache\artifacts\engine\windows-x64\shader_lib]
[+1375 ms]   [+1375 ms] debug_bundle_windows-x64_assets: Complete
[ +734 ms]   [ +734 ms] Persisting file store
[  +25 ms]   [  +25 ms] Done persisting file store
[  +41 ms]   [  +41 ms] build succeeded.
[  +13 ms]   [  +13 ms] "flutter assemble" took 9,639ms.
[ +125 ms]   [ +125 ms] Running 1 shutdown hook
[   +1 ms]   [   +1 ms] Shutdown hooks complete
[ +269 ms]   [ +269 ms] exiting with code 0
[ +124 ms] FinalizeBuildStatus:
[        ]   Deleting file "x64\Debug\flutter_assemble\flutter_assemble.tlog\unsuccessfulbuild".
[        ]   Touching "x64\Debug\flutter_assemble\flutter_assemble.tlog\flutter_assemble.lastbuildstate".
[   +1 ms] Done Building Project "C:\Users\TorrentsDR\build\windows\x64\flutter\flutter_assemble.vcxproj" (default targets).
[  +11 ms] PrepareForBuild:
[        ]   Structured output is enabled. The formatting of compiler diagnostics will reflect the error hierarchy. See https://aka.ms/cpp/structured-output for more details.
[   +3 ms] InitializeBuildStatus:
[        ]   Creating "flutter_wrapper_app.dir\Debug\flutter_.63A25318.tlog\unsuccessfulbuild" because "AlwaysCreate" was specified.
[        ]   Touching "flutter_wrapper_app.dir\Debug\flutter_.63A25318.tlog\unsuccessfulbuild".
[   +4 ms] CustomBuild:
[        ]   All outputs are up-to-date.
[ +107 ms] ClCompile:
[        ]   All outputs are up-to-date.
[  +53 ms] Lib:
[        ]   All outputs are up-to-date.
[   +2 ms]   flutter_wrapper_app.vcxproj -> C:\Users\TorrentsDR\build\windows\x64\flutter\Debug\flutter_wrapper_app.lib
[  +29 ms] FinalizeBuildStatus:
[        ]   Deleting file "flutter_wrapper_app.dir\Debug\flutter_.63A25318.tlog\unsuccessfulbuild".
[        ]   Touching "flutter_wrapper_app.dir\Debug\flutter_.63A25318.tlog\flutter_wrapper_app.lastbuildstate".
[   +1 ms] Done Building Project "C:\Users\TorrentsDR\build\windows\x64\flutter\flutter_wrapper_app.vcxproj" (default targets).
[  +71 ms] Project "C:\Users\TorrentsDR\build\windows\x64\ALL_BUILD.vcxproj" (3) is building "C:\Users\TorrentsDR\build\windows\x64\flutter\flutter_wrapper_plugin.vcxproj" (7) on node 1 (default targets).
[        ] PrepareForBuild:
[        ]   Structured output is enabled. The formatting of compiler diagnostics will reflect the error hierarchy. See https://aka.ms/cpp/structured-output for more details.
[   +3 ms] InitializeBuildStatus:
[        ]   Creating "flutter_wrapper_plugin.dir\Debug\flutter_.453A8F60.tlog\unsuccessfulbuild" because "AlwaysCreate" was specified.
[        ]   Touching "flutter_wrapper_plugin.dir\Debug\flutter_.453A8F60.tlog\unsuccessfulbuild".
[   +4 ms] CustomBuild:
[        ]   All outputs are up-to-date.
[  +22 ms] ClCompile:
[        ]   All outputs are up-to-date.
[   +8 ms] Lib:
[        ]   All outputs are up-to-date.
[        ]   flutter_wrapper_plugin.vcxproj -> C:\Users\TorrentsDR\build\windows\x64\flutter\Debug\flutter_wrapper_plugin.lib
[  +19 ms] FinalizeBuildStatus:
[        ]   Deleting file "flutter_wrapper_plugin.dir\Debug\flutter_.453A8F60.tlog\unsuccessfulbuild".
[        ]   Touching "flutter_wrapper_plugin.dir\Debug\flutter_.453A8F60.tlog\flutter_wrapper_plugin.lastbuildstate".
[   +1 ms] Done Building Project "C:\Users\TorrentsDR\build\windows\x64\flutter\flutter_wrapper_plugin.vcxproj" (default targets).
[  +75 ms] Project "C:\Users\TorrentsDR\build\windows\x64\ALL_BUILD.vcxproj" (3) is building "C:\Users\TorrentsDR\build\windows\x64\plugins\permission_handler_windows\permission_handler_windows_plugin.vcxproj" (8) on node 1 (default targets).
[        ] PrepareForBuild:
[        ]   Structured output is enabled. The formatting of compiler diagnostics will reflect the error hierarchy. See https://aka.ms/cpp/structured-output for more details.
[   +2 ms] InitializeBuildStatus:
[        ]   Creating "permission_handler_windows_plugin.dir\Debug\permissi.6811D4C0.tlog\unsuccessfulbuild" because "AlwaysCreate" was specified.
[        ]   Touching "permission_handler_windows_plugin.dir\Debug\permissi.6811D4C0.tlog\unsuccessfulbuild".
[   +4 ms] CustomBuild:
[        ]   All outputs are up-to-date.
[  +25 ms] ClCompile:
[        ]   All outputs are up-to-date.
[  +62 ms] Link:
[        ]   All outputs are up-to-date.
[   +5 ms]   permission_handler_windows_plugin.vcxproj -> C:\Users\TorrentsDR\build\windows\x64\plugins\permission_handler_windows\Debug\permission_handler_windows_plugin.dll
[  +16 ms] FinalizeBuildStatus:
[        ]   Deleting file "permission_handler_windows_plugin.dir\Debug\permissi.6811D4C0.tlog\unsuccessfulbuild".
[        ]   Touching "permission_handler_windows_plugin.dir\Debug\permissi.6811D4C0.tlog\permission_handler_windows_plugin.lastbuildstate".
[   +1 ms] Done Building Project "C:\Users\TorrentsDR\build\windows\x64\plugins\permission_handler_windows\permission_handler_windows_plugin.vcxproj" (default targets).
[  +56 ms] Project "C:\Users\TorrentsDR\build\windows\x64\ALL_BUILD.vcxproj" (3) is building "C:\Users\TorrentsDR\build\windows\x64\plugins\share_plus\share_plus_plugin.vcxproj" (9) on node 1 (default targets).
[        ] PrepareForBuild:
[        ]   Structured output is enabled. The formatting of compiler diagnostics will reflect the error hierarchy. See https://aka.ms/cpp/structured-output for more details.
[   +3 ms] InitializeBuildStatus:
[        ]   Creating "share_plus_plugin.dir\Debug\share_pl.F554D095.tlog\unsuccessfulbuild" because "AlwaysCreate" was specified.
[        ]   Touching "share_plus_plugin.dir\Debug\share_pl.F554D095.tlog\unsuccessfulbuild".
[  +11 ms] CustomBuild:
[        ]   All outputs are up-to-date.
[  +20 ms] ClCompile:
[        ]   All outputs are up-to-date.
[  +15 ms] Link:
[        ]   All outputs are up-to-date.
[   +1 ms]   share_plus_plugin.vcxproj -> C:\Users\TorrentsDR\build\windows\x64\plugins\share_plus\Debug\share_plus_plugin.dll
[  +14 ms] FinalizeBuildStatus:
[        ]   Deleting file "share_plus_plugin.dir\Debug\share_pl.F554D095.tlog\unsuccessfulbuild".
[        ]   Touching "share_plus_plugin.dir\Debug\share_pl.F554D095.tlog\share_plus_plugin.lastbuildstate".
[   +1 ms] Done Building Project "C:\Users\TorrentsDR\build\windows\x64\plugins\share_plus\share_plus_plugin.vcxproj" (default targets).
[ +110 ms] Project "C:\Users\TorrentsDR\build\windows\x64\ALL_BUILD.vcxproj" (3) is building "C:\Users\TorrentsDR\build\windows\x64\runner\torrent_app.vcxproj" (10) on node 1 (default targets).
[        ] Project "C:\Users\TorrentsDR\build\windows\x64\runner\torrent_app.vcxproj" (10) is building "C:\Users\TorrentsDR\build\windows\x64\plugins\url_launcher_windows\url_launcher_windows_plugin.vcxproj" (11) on node 1 (default targets).
[        ] PrepareForBuild:
[        ]   Structured output is enabled. The formatting of compiler diagnostics will reflect the error hierarchy. See https://aka.ms/cpp/structured-output for more details.
[   +3 ms] InitializeBuildStatus:
[        ]   Creating "url_launcher_windows_plugin.dir\Debug\url_laun.DDC458A3.tlog\unsuccessfulbuild" because "AlwaysCreate" was specified.
[        ]   Touching "url_launcher_windows_plugin.dir\Debug\url_laun.DDC458A3.tlog\unsuccessfulbuild".
[   +5 ms] CustomBuild:
[        ]   All outputs are up-to-date.
[  +38 ms] ClCompile:
[        ]   All outputs are up-to-date.
[  +19 ms] Link:
[        ]   All outputs are up-to-date.
[   +1 ms]   url_launcher_windows_plugin.vcxproj -> C:\Users\TorrentsDR\build\windows\x64\plugins\url_launcher_windows\Debug\url_launcher_windows_plugin.dll
[  +15 ms] FinalizeBuildStatus:
[        ]   Deleting file "url_launcher_windows_plugin.dir\Debug\url_laun.DDC458A3.tlog\unsuccessfulbuild".
[        ]   Touching "url_launcher_windows_plugin.dir\Debug\url_laun.DDC458A3.tlog\url_launcher_windows_plugin.lastbuildstate".
[        ] Done Building Project "C:\Users\TorrentsDR\build\windows\x64\plugins\url_launcher_windows\url_launcher_windows_plugin.vcxproj" (default targets).
[  +19 ms] PrepareForBuild:
[        ]   Structured output is enabled. The formatting of compiler diagnostics will reflect the error hierarchy. See https://aka.ms/cpp/structured-output for more details.
[   +3 ms] InitializeBuildStatus:
[        ]   Creating "torrent_app.dir\Debug\torrent_app.tlog\unsuccessfulbuild" because "AlwaysCreate" was specified.
[        ]   Touching "torrent_app.dir\Debug\torrent_app.tlog\unsuccessfulbuild".
[   +4 ms] CustomBuild:
[        ]   All outputs are up-to-date.
[  +34 ms] ClCompile:
[        ]   All outputs are up-to-date.
[  +14 ms] ResourceCompile:
[        ]   All outputs are up-to-date.
[  +31 ms] Link:
[        ]   All outputs are up-to-date.
[   +1 ms]   torrent_app.vcxproj -> C:\Users\TorrentsDR\build\windows\x64\runner\Debug\torrent_app.exe
[  +19 ms] FinalizeBuildStatus:
[        ]   Deleting file "torrent_app.dir\Debug\torrent_app.tlog\unsuccessfulbuild".
[        ]   Touching "torrent_app.dir\Debug\torrent_app.tlog\torrent_app.lastbuildstate".
[        ] Done Building Project "C:\Users\TorrentsDR\build\windows\x64\runner\torrent_app.vcxproj" (default targets).
[  +13 ms] PrepareForBuild:
[        ]   Structured output is enabled. The formatting of compiler diagnostics will reflect the error hierarchy. See https://aka.ms/cpp/structured-output for more details.
[   +2 ms] InitializeBuildStatus:
[        ]   Creating "x64\Debug\ALL_BUILD\ALL_BUILD.tlog\unsuccessfulbuild" because "AlwaysCreate" was specified.
[        ]   Touching "x64\Debug\ALL_BUILD\ALL_BUILD.tlog\unsuccessfulbuild".
[   +5 ms] CustomBuild:
[        ]   All outputs are up-to-date.
[  +20 ms] FinalizeBuildStatus:
[        ]   Deleting file "x64\Debug\ALL_BUILD\ALL_BUILD.tlog\unsuccessfulbuild".
[        ]   Touching "x64\Debug\ALL_BUILD\ALL_BUILD.tlog\ALL_BUILD.lastbuildstate".
[   +1 ms] Done Building Project "C:\Users\TorrentsDR\build\windows\x64\ALL_BUILD.vcxproj" (default targets).
[  +14 ms] PrepareForBuild:
[        ]   Structured output is enabled. The formatting of compiler diagnostics will reflect the error hierarchy. See https://aka.ms/cpp/structured-output for more details.
[   +3 ms] InitializeBuildStatus:
[        ]   Touching "x64\Debug\INSTALL\INSTALL.tlog\unsuccessfulbuild".
[  +66 ms] CustomBuild:
[        ]   1>
[  +23 ms] PostBuildEvent:
[        ]   setlocal
[        ]   "C:\Program Files\Microsoft Visual Studio\2022\Community\Common7\IDE\CommonExtensions\Microsoft\CMake\CMake\bin\cmake.exe" -DBUILD_TYPE=Debug -P cmake_install.cmake
[        ]   if %errorlevel% neq 0 goto :cmEnd
[        ]   :cmEnd
[        ]   endlocal & call :cmErrorLevel %errorlevel% & goto :cmDone
[        ]   :cmErrorLevel
[        ]   exit /b %1
[        ]   :cmDone
[        ]   if %errorlevel% neq 0 goto :VCEnd
[        ]   :VCEnd
[  +85 ms]   -- Install configuration: "Debug"
[   +4 ms]   -- Up-to-date: C:/Users/TorrentsDR/build/windows/x64/runner/Debug/data/icudtl.dat
[        ]   -- Up-to-date: C:/Users/TorrentsDR/build/windows/x64/runner/Debug/flutter_windows.dll
[   +1 ms]   -- Up-to-date: C:/Users/TorrentsDR/build/windows/x64/runner/Debug/permission_handler_windows_plugin.dll
[        ]   -- Up-to-date: C:/Users/TorrentsDR/build/windows/x64/runner/Debug/share_plus_plugin.dll
[        ]   -- Up-to-date: C:/Users/TorrentsDR/build/windows/x64/runner/Debug/url_launcher_windows_plugin.dll
[        ]   CMake Error at cmake_install.cmake:177 (file):
[        ]     file INSTALL cannot find
[        ]     "C:/Users/TorrentsDR/build/windows/x64/plugins/rust_lib_torrent_app/Debug/rust_lib_torrent_app.dll":
[        ]     No error.
[  +15 ms] C:\Program Files\Microsoft Visual 
Studio\2022\Community\MSBuild\Microsoft\VC\v170\Microsoft.CppCommon.targets(166,5): error MSB3073: The command "setlocal 
[C:\Users\TorrentsDR\build\windows\x64\INSTALL.vcxproj]
[        ] C:\Program Files\Microsoft Visual 
Studio\2022\Community\MSBuild\Microsoft\VC\v170\Microsoft.CppCommon.targets(166,5): error MSB3073: "C:\Program 
Files\Microsoft Visual Studio\2022\Community\Common7\IDE\CommonExtensions\Microsoft\CMake\CMake\bin\cmake.exe" 
-DBUILD_TYPE=Debug -P cmake_install.cmake [C:\Users\TorrentsDR\build\windows\x64\INSTALL.vcxproj]
[        ] C:\Program Files\Microsoft Visual 
Studio\2022\Community\MSBuild\Microsoft\VC\v170\Microsoft.CppCommon.targets(166,5): error MSB3073: if %errorlevel% neq 0 goto 
:cmEnd [C:\Users\TorrentsDR\build\windows\x64\INSTALL.vcxproj]
[        ] C:\Program Files\Microsoft Visual 
Studio\2022\Community\MSBuild\Microsoft\VC\v170\Microsoft.CppCommon.targets(166,5): error MSB3073: :cmEnd 
[C:\Users\TorrentsDR\build\windows\x64\INSTALL.vcxproj]
[        ] C:\Program Files\Microsoft Visual 
Studio\2022\Community\MSBuild\Microsoft\VC\v170\Microsoft.CppCommon.targets(166,5): error MSB3073: endlocal & call 
:cmErrorLevel %errorlevel% & goto :cmDone [C:\Users\TorrentsDR\build\windows\x64\INSTALL.vcxproj]
[        ] C:\Program Files\Microsoft Visual 
Studio\2022\Community\MSBuild\Microsoft\VC\v170\Microsoft.CppCommon.targets(166,5): error MSB3073: :cmErrorLevel 
[C:\Users\TorrentsDR\build\windows\x64\INSTALL.vcxproj]
[        ] C:\Program Files\Microsoft Visual 
Studio\2022\Community\MSBuild\Microsoft\VC\v170\Microsoft.CppCommon.targets(166,5): error MSB3073: exit /b %1 
[C:\Users\TorrentsDR\build\windows\x64\INSTALL.vcxproj]
[        ] C:\Program Files\Microsoft Visual 
Studio\2022\Community\MSBuild\Microsoft\VC\v170\Microsoft.CppCommon.targets(166,5): error MSB3073: :cmDone 
[C:\Users\TorrentsDR\build\windows\x64\INSTALL.vcxproj]
[        ] C:\Program Files\Microsoft Visual 
Studio\2022\Community\MSBuild\Microsoft\VC\v170\Microsoft.CppCommon.targets(166,5): error MSB3073: if %errorlevel% neq 0 goto 
:VCEnd [C:\Users\TorrentsDR\build\windows\x64\INSTALL.vcxproj]
[        ] C:\Program Files\Microsoft Visual 
Studio\2022\Community\MSBuild\Microsoft\VC\v170\Microsoft.CppCommon.targets(166,5): error MSB3073: :VCEnd" exited with code 
1. [C:\Users\TorrentsDR\build\windows\x64\INSTALL.vcxproj]
[        ] Done Building Project "C:\Users\TorrentsDR\build\windows\x64\INSTALL.vcxproj" (default targets) -- FAILED.
[   +2 ms] Build FAILED.
[        ] "C:\Users\TorrentsDR\build\windows\x64\INSTALL.vcxproj" (default target) (1) ->
[        ] (PostBuildEvent target) -> 
[        ]   C:\Program Files\Microsoft Visual 
Studio\2022\Community\MSBuild\Microsoft\VC\v170\Microsoft.CppCommon.targets(166,5): error MSB3073: The command "setlocal 
[C:\Users\TorrentsDR\build\windows\x64\INSTALL.vcxproj]
[        ] C:\Program Files\Microsoft Visual 
Studio\2022\Community\MSBuild\Microsoft\VC\v170\Microsoft.CppCommon.targets(166,5): error MSB3073: "C:\Program 
Files\Microsoft Visual Studio\2022\Community\Common7\IDE\CommonExtensions\Microsoft\CMake\CMake\bin\cmake.exe" 
-DBUILD_TYPE=Debug -P cmake_install.cmake [C:\Users\TorrentsDR\build\windows\x64\INSTALL.vcxproj]
[        ] C:\Program Files\Microsoft Visual 
Studio\2022\Community\MSBuild\Microsoft\VC\v170\Microsoft.CppCommon.targets(166,5): error MSB3073: if %errorlevel% neq 0 goto 
:cmEnd [C:\Users\TorrentsDR\build\windows\x64\INSTALL.vcxproj]
[        ] C:\Program Files\Microsoft Visual 
Studio\2022\Community\MSBuild\Microsoft\VC\v170\Microsoft.CppCommon.targets(166,5): error MSB3073: :cmEnd 
[C:\Users\TorrentsDR\build\windows\x64\INSTALL.vcxproj]
[        ] C:\Program Files\Microsoft Visual 
Studio\2022\Community\MSBuild\Microsoft\VC\v170\Microsoft.CppCommon.targets(166,5): error MSB3073: endlocal & call 
:cmErrorLevel %errorlevel% & goto :cmDone [C:\Users\TorrentsDR\build\windows\x64\INSTALL.vcxproj]
[        ] C:\Program Files\Microsoft Visual 
Studio\2022\Community\MSBuild\Microsoft\VC\v170\Microsoft.CppCommon.targets(166,5): error MSB3073: :cmErrorLevel 
[C:\Users\TorrentsDR\build\windows\x64\INSTALL.vcxproj]
[        ] C:\Program Files\Microsoft Visual 
Studio\2022\Community\MSBuild\Microsoft\VC\v170\Microsoft.CppCommon.targets(166,5): error MSB3073: exit /b %1 
[C:\Users\TorrentsDR\build\windows\x64\INSTALL.vcxproj]
[        ]     0 Warning(s)
[        ]     1 Error(s)
[        ] Time Elapsed 00:00:15.83
[        ] C:\Program Files\Microsoft Visual 
Studio\2022\Community\MSBuild\Microsoft\VC\v170\Microsoft.CppCommon.targets(166,5): error MSB3073: :cmDone 
[C:\Users\TorrentsDR\build\windows\x64\INSTALL.vcxproj]
[        ] C:\Program Files\Microsoft Visual 
Studio\2022\Community\MSBuild\Microsoft\VC\v170\Microsoft.CppCommon.targets(166,5): error MSB3073: if %errorlevel% neq 0 goto 
:VCEnd [C:\Users\TorrentsDR\build\windows\x64\INSTALL.vcxproj]
[        ] C:\Program Files\Microsoft Visual 
Studio\2022\Community\MSBuild\Microsoft\VC\v170\Microsoft.CppCommon.targets(166,5): error MSB3073: :VCEnd" exited with code 
1. [C:\Users\TorrentsDR\build\windows\x64\INSTALL.vcxproj]
[  +48 ms] Building Windows application... (completed in 20.9s)
[   +1 ms] "flutter windows" took 22,612ms.
[ +113 ms] Build process failed.
[        ] 
           #0      throwToolExit (package:flutter_tools/src/base/common.dart:34:3)
           #1      _runBuild (package:flutter_tools/src/windows/build_windows.dart:262:5)
           <asynchronous suspension>
           #2      buildWindows (package:flutter_tools/src/windows/build_windows.dart:118:5)
           <asynchronous suspension>
           #3      BuildWindowsCommand.runCommand (package:flutter_tools/src/commands/build_windows.dart:72:5)
           <asynchronous suspension>
           #4      FlutterCommand.run.<anonymous closure> (package:flutter_tools/src/runner/flutter_command.dart:1559:27)
           <asynchronous suspension>
           #5      AppContext.run.<anonymous closure> (package:flutter_tools/src/base/context.dart:154:19)
           <asynchronous suspension>
           #6      CommandRunner.runCommand (package:args/command_runner.dart:212:13)
           <asynchronous suspension>
           #7      FlutterCommandRunner.runCommand.<anonymous closure> 
(package:flutter_tools/src/runner/flutter_command_runner.dart:487:9)
           <asynchronous suspension>
           #8      AppContext.run.<anonymous closure> (package:flutter_tools/src/base/context.dart:154:19)
           <asynchronous suspension>
           #9      FlutterCommandRunner.runCommand (package:flutter_tools/src/runner/flutter_command_runner.dart:422:5)
           <asynchronous suspension>
           #10     run.<anonymous closure>.<anonymous closure> (package:flutter_tools/runner.dart:104:11)
           <asynchronous suspension>
           #11     AppContext.run.<anonymous closure> (package:flutter_tools/src/base/context.dart:154:19)
           <asynchronous suspension>
           #12     main (package:flutter_tools/executable.dart:103:3)
           <asynchronous suspension>


[        ] Running 1 shutdown hook
[   +4 ms] Shutdown hooks complete
[ +258 ms] exiting with code 1
