[ +211 ms] Artifact Instance of 'MaterialFonts' is not required, skipping update.
[   +6 ms] Artifact Instance of 'GradleWrapper' is not required, skipping update.
[        ] Artifact Instance of 'AndroidGenSnapshotArtifacts' is not required, skipping update.
[        ] Artifact Instance of 'AndroidInternalBuildArtifacts' is not required, skipping update.
[        ] Artifact Instance of 'IOSEngineArtifacts' is not required, skipping update.
[        ] Artifact Instance of 'FlutterWebSdk' is not required, skipping update.
[   +1 ms] Artifact Instance of 'LegacyCanvasKitRemover' is not required, skipping update.
[        ] Artifact Instance of 'FlutterSdk' is not required, skipping update.
[        ] Artifact Instance of 'WindowsEngineArtifacts' is not required, skipping update.
[        ] Artifact Instance of 'MacOSEngineArtifacts' is not required, skipping update.
[        ] Artifact Instance of 'LinuxEngineArtifacts' is not required, skipping update.
[        ] Artifact Instance of 'LinuxFuchsiaSDKArtifacts' is not required, skipping update.
[        ] Artifact Instance of 'MacOSFuchsiaSDKArtifacts' is not required, skipping update.
[        ] Artifact Instance of 'FlutterRunnerSDKArtifacts' is not required, skipping update.
[        ] Artifact Instance of 'FlutterRunnerDebugSymbols' is not required, skipping update.
[        ] Artifact Instance of 'IosUsbArtifacts' is not required, skipping update.
[        ] Artifact Instance of 'IosUsbArtifacts' is not required, skipping update.
[        ] Artifact Instance of 'IosUsbArtifacts' is not required, skipping update.
[        ] Artifact Instance of 'IosUsbArtifacts' is not required, skipping update.
[        ] Artifact Instance of 'IosUsbArtifacts' is not required, skipping update.
[        ] Artifact Instance of 'IosUsbArtifacts' is not required, skipping update.
[        ] Artifact Instance of 'FontSubsetArtifacts' is not required, skipping update.
[        ] Artifact Instance of 'PubDependencies' is not required, skipping update.
[   +1 ms] executing: [C:\flutter/] git -c log.showSignature=false log HEAD -n 1 --pretty=format:%ad --date=iso
[  +86 ms] Exit code 0 from: git -c log.showSignature=false log HEAD -n 1 --pretty=format:%ad --date=iso
[        ] 2025-12-11 11:50:07 -0500
[  +17 ms] Artifact Instance of 'AndroidGenSnapshotArtifacts' is not required, skipping update.
[        ] Artifact Instance of 'AndroidInternalBuildArtifacts' is not required, skipping update.
[        ] Artifact Instance of 'IOSEngineArtifacts' is not required, skipping update.
[        ] Artifact Instance of 'FlutterWebSdk' is not required, skipping update.
[        ] Artifact Instance of 'FlutterEngineStamp' is not required, skipping update.
[        ] Artifact Instance of 'LegacyCanvasKitRemover' is not required, skipping update.
[   +3 ms] Artifact Instance of 'WindowsEngineArtifacts' is not required, skipping update.
[        ] Artifact Instance of 'MacOSEngineArtifacts' is not required, skipping update.
[        ] Artifact Instance of 'LinuxEngineArtifacts' is not required, skipping update.
[        ] Artifact Instance of 'LinuxFuchsiaSDKArtifacts' is not required, skipping update.
[        ] Artifact Instance of 'MacOSFuchsiaSDKArtifacts' is not required, skipping update.
[        ] Artifact Instance of 'FlutterRunnerSDKArtifacts' is not required, skipping update.
[        ] Artifact Instance of 'FlutterRunnerDebugSymbols' is not required, skipping update.
[  +74 ms] Artifact Instance of 'MaterialFonts' is not required, skipping update.
[   +1 ms] Artifact Instance of 'GradleWrapper' is not required, skipping update.
[        ] Artifact Instance of 'AndroidGenSnapshotArtifacts' is not required, skipping update.
[        ] Artifact Instance of 'AndroidInternalBuildArtifacts' is not required, skipping update.
[        ] Artifact Instance of 'IOSEngineArtifacts' is not required, skipping update.
[        ] Artifact Instance of 'FlutterWebSdk' is not required, skipping update.
[        ] Artifact Instance of 'FlutterEngineStamp' is not required, skipping update.
[        ] Artifact Instance of 'LegacyCanvasKitRemover' is not required, skipping update.
[        ] Artifact Instance of 'FlutterSdk' is not required, skipping update.
[   +3 ms] Artifact Instance of 'MacOSEngineArtifacts' is not required, skipping update.
[        ] Artifact Instance of 'LinuxEngineArtifacts' is not required, skipping update.
[        ] Artifact Instance of 'LinuxFuchsiaSDKArtifacts' is not required, skipping update.
[        ] Artifact Instance of 'MacOSFuchsiaSDKArtifacts' is not required, skipping update.
[        ] Artifact Instance of 'FlutterRunnerSDKArtifacts' is not required, skipping update.
[        ] Artifact Instance of 'FlutterRunnerDebugSymbols' is not required, skipping update.
[        ] Artifact Instance of 'IosUsbArtifacts' is not required, skipping update.
[        ] Artifact Instance of 'IosUsbArtifacts' is not required, skipping update.
[        ] Artifact Instance of 'IosUsbArtifacts' is not required, skipping update.
[        ] Artifact Instance of 'IosUsbArtifacts' is not required, skipping update.
[        ] Artifact Instance of 'IosUsbArtifacts' is not required, skipping update.
[        ] Artifact Instance of 'IosUsbArtifacts' is not required, skipping update.
[        ] Artifact Instance of 'FontSubsetArtifacts' is not required, skipping update.
[        ] Artifact Instance of 'PubDependencies' is not required, skipping update.
[  +27 ms] executing: [C:\Users\TorrentsDR/] C:\flutter\bin\cache\dart-sdk\bin\dart pub --suppress-analytics --directory . get --example
Resolving dependencies...
Downloading packages...
  bloc 8.1.4 (9.2.0 available)
  characters 1.4.0 (1.4.1 available)
  flutter_bloc 8.1.6 (9.1.1 available)
  google_fonts 6.3.3 (7.0.0 available)
  matcher 0.12.17 (0.12.18 available)
  material_color_utilities 0.11.1 (0.13.0 available)
  permission_handler 11.4.0 (12.0.1 available)
  permission_handler_android 12.1.0 (13.0.1 available)
  test_api 0.7.7 (0.7.8 available)
Got dependencies!
9 packages have newer versions incompatible with dependency constraints.
Try `flutter pub outdated` for more information.
[ +838 ms] Found plugin integration_test at C:\flutter\packages\integration_test\
[ +105 ms] Found plugin url_launcher at C:\Users\wind xebec\AppData\Local\Pub\Cache\hosted\pub.dev\url_launcher-6.3.2\
[   +2 ms] Found plugin url_launcher_windows at C:\Users\wind xebec\AppData\Local\Pub\Cache\hosted\pub.dev\url_launcher_windows-3.1.5\
[   +8 ms] Found plugin url_launcher_web at C:\Users\wind xebec\AppData\Local\Pub\Cache\hosted\pub.dev\url_launcher_web-2.4.1\
[   +5 ms] Found plugin url_launcher_macos at C:\Users\wind xebec\AppData\Local\Pub\Cache\hosted\pub.dev\url_launcher_macos-3.2.5\
[   +3 ms] Found plugin url_launcher_linux at C:\Users\wind xebec\AppData\Local\Pub\Cache\hosted\pub.dev\url_launcher_linux-3.2.2\
[   +4 ms] Found plugin url_launcher_ios at C:\Users\wind xebec\AppData\Local\Pub\Cache\hosted\pub.dev\url_launcher_ios-6.3.6\
[   +2 ms] Found plugin url_launcher_android at C:\Users\wind xebec\AppData\Local\Pub\Cache\hosted\pub.dev\url_launcher_android-6.3.28\
[   +2 ms] Found plugin shared_preferences at C:\Users\wind xebec\AppData\Local\Pub\Cache\hosted\pub.dev\shared_preferences-2.5.4\
[   +2 ms] Found plugin shared_preferences_windows at C:\Users\wind xebec\AppData\Local\Pub\Cache\hosted\pub.dev\shared_preferences_windows-2.4.1\
[   +3 ms] Found plugin path_provider_windows at C:\Users\wind xebec\AppData\Local\Pub\Cache\hosted\pub.dev\path_provider_windows-2.3.0\
[   +3 ms] Found plugin shared_preferences_web at C:\Users\wind xebec\AppData\Local\Pub\Cache\hosted\pub.dev\shared_preferences_web-2.4.3\
[   +2 ms] Found plugin shared_preferences_linux at C:\Users\wind xebec\AppData\Local\Pub\Cache\hosted\pub.dev\shared_preferences_linux-2.4.1\
[   +2 ms] Found plugin path_provider_linux at C:\Users\wind xebec\AppData\Local\Pub\Cache\hosted\pub.dev\path_provider_linux-2.2.1\
[   +4 ms] Found plugin shared_preferences_foundation at C:\Users\wind xebec\AppData\Local\Pub\Cache\hosted\pub.dev\shared_preferences_foundation-2.5.6\
[   +4 ms] Found plugin shared_preferences_android at C:\Users\wind xebec\AppData\Local\Pub\Cache\hosted\pub.dev\shared_preferences_android-2.4.18\
[   +3 ms] Found plugin share_plus at C:\Users\wind xebec\AppData\Local\Pub\Cache\hosted\pub.dev\share_plus-12.0.1\
[  +15 ms] Found plugin path_provider at C:\Users\wind xebec\AppData\Local\Pub\Cache\hosted\pub.dev\path_provider-2.1.5\
[   +3 ms] Found plugin path_provider_foundation at C:\Users\wind xebec\AppData\Local\Pub\Cache\hosted\pub.dev\path_provider_foundation-2.5.1\
[   +2 ms] Found plugin path_provider_android at C:\Users\wind xebec\AppData\Local\Pub\Cache\hosted\pub.dev\path_provider_android-2.2.22\
[   +9 ms] Found plugin rust_lib_torrent_app at C:\Users\TorrentsDR\rust_builder\
[   +3 ms] Found plugin permission_handler at C:\Users\wind xebec\AppData\Local\Pub\Cache\hosted\pub.dev\permission_handler-11.4.0\
[   +3 ms] Found plugin permission_handler_windows at C:\Users\wind xebec\AppData\Local\Pub\Cache\hosted\pub.dev\permission_handler_windows-0.2.1\
[   +4 ms] Found plugin permission_handler_html at C:\Users\wind xebec\AppData\Local\Pub\Cache\hosted\pub.dev\permission_handler_html-0.1.3+5\
[   +3 ms] Found plugin permission_handler_apple at C:\Users\wind xebec\AppData\Local\Pub\Cache\hosted\pub.dev\permission_handler_apple-9.4.7\
[   +3 ms] Found plugin permission_handler_android at C:\Users\wind xebec\AppData\Local\Pub\Cache\hosted\pub.dev\permission_handler_android-12.1.0\
[  +25 ms] Found plugin file_picker at C:\Users\wind xebec\AppData\Local\Pub\Cache\hosted\pub.dev\file_picker-10.3.8\
[   +2 ms] Found plugin flutter_plugin_android_lifecycle at C:\Users\wind xebec\AppData\Local\Pub\Cache\hosted\pub.dev\flutter_plugin_android_lifecycle-2.0.33\
[  +51 ms] Found plugin integration_test at C:\flutter\packages\integration_test\
[  +57 ms] Found plugin url_launcher at C:\Users\wind xebec\AppData\Local\Pub\Cache\hosted\pub.dev\url_launcher-6.3.2\
[   +1 ms] Found plugin url_launcher_windows at C:\Users\wind xebec\AppData\Local\Pub\Cache\hosted\pub.dev\url_launcher_windows-3.1.5\
[   +3 ms] Found plugin url_launcher_web at C:\Users\wind xebec\AppData\Local\Pub\Cache\hosted\pub.dev\url_launcher_web-2.4.1\
[   +3 ms] Found plugin url_launcher_macos at C:\Users\wind xebec\AppData\Local\Pub\Cache\hosted\pub.dev\url_launcher_macos-3.2.5\
[   +1 ms] Found plugin url_launcher_linux at C:\Users\wind xebec\AppData\Local\Pub\Cache\hosted\pub.dev\url_launcher_linux-3.2.2\
[   +1 ms] Found plugin url_launcher_ios at C:\Users\wind xebec\AppData\Local\Pub\Cache\hosted\pub.dev\url_launcher_ios-6.3.6\
[   +1 ms] Found plugin url_launcher_android at C:\Users\wind xebec\AppData\Local\Pub\Cache\hosted\pub.dev\url_launcher_android-6.3.28\
[   +1 ms] Found plugin shared_preferences at C:\Users\wind xebec\AppData\Local\Pub\Cache\hosted\pub.dev\shared_preferences-2.5.4\
[   +1 ms] Found plugin shared_preferences_windows at C:\Users\wind xebec\AppData\Local\Pub\Cache\hosted\pub.dev\shared_preferences_windows-2.4.1\
[   +2 ms] Found plugin path_provider_windows at C:\Users\wind xebec\AppData\Local\Pub\Cache\hosted\pub.dev\path_provider_windows-2.3.0\
[   +2 ms] Found plugin shared_preferences_web at C:\Users\wind xebec\AppData\Local\Pub\Cache\hosted\pub.dev\shared_preferences_web-2.4.3\
[   +2 ms] Found plugin shared_preferences_linux at C:\Users\wind xebec\AppData\Local\Pub\Cache\hosted\pub.dev\shared_preferences_linux-2.4.1\
[   +1 ms] Found plugin path_provider_linux at C:\Users\wind xebec\AppData\Local\Pub\Cache\hosted\pub.dev\path_provider_linux-2.2.1\
[   +3 ms] Found plugin shared_preferences_foundation at C:\Users\wind xebec\AppData\Local\Pub\Cache\hosted\pub.dev\shared_preferences_foundation-2.5.6\
[   +1 ms] Found plugin shared_preferences_android at C:\Users\wind xebec\AppData\Local\Pub\Cache\hosted\pub.dev\shared_preferences_android-2.4.18\
[   +1 ms] Found plugin share_plus at C:\Users\wind xebec\AppData\Local\Pub\Cache\hosted\pub.dev\share_plus-12.0.1\
[   +7 ms] Found plugin path_provider at C:\Users\wind xebec\AppData\Local\Pub\Cache\hosted\pub.dev\path_provider-2.1.5\
[   +1 ms] Found plugin path_provider_foundation at C:\Users\wind xebec\AppData\Local\Pub\Cache\hosted\pub.dev\path_provider_foundation-2.5.1\
[   +1 ms] Found plugin path_provider_android at C:\Users\wind xebec\AppData\Local\Pub\Cache\hosted\pub.dev\path_provider_android-2.2.22\
[   +4 ms] Found plugin rust_lib_torrent_app at C:\Users\TorrentsDR\rust_builder\
[   +1 ms] Found plugin permission_handler at C:\Users\wind xebec\AppData\Local\Pub\Cache\hosted\pub.dev\permission_handler-11.4.0\
[   +1 ms] Found plugin permission_handler_windows at C:\Users\wind xebec\AppData\Local\Pub\Cache\hosted\pub.dev\permission_handler_windows-0.2.1\
[   +3 ms] Found plugin permission_handler_html at C:\Users\wind xebec\AppData\Local\Pub\Cache\hosted\pub.dev\permission_handler_html-0.1.3+5\
[   +1 ms] Found plugin permission_handler_apple at C:\Users\wind xebec\AppData\Local\Pub\Cache\hosted\pub.dev\permission_handler_apple-9.4.7\
[   +1 ms] Found plugin permission_handler_android at C:\Users\wind xebec\AppData\Local\Pub\Cache\hosted\pub.dev\permission_handler_android-12.1.0\
[  +11 ms] Found plugin file_picker at C:\Users\wind xebec\AppData\Local\Pub\Cache\hosted\pub.dev\file_picker-10.3.8\
[   +1 ms] Found plugin flutter_plugin_android_lifecycle at C:\Users\wind xebec\AppData\Local\Pub\Cache\hosted\pub.dev\flutter_plugin_android_lifecycle-2.0.33\
[  +10 ms] Generating C:\Users\TorrentsDR\android\app\src\main\java\io\flutter\plugins\GeneratedPluginRegistrant.java
[  +16 ms] Skipping generating GeneratedPluginRegistrant.java because it is up-to-date.
[   +4 ms] Skipping generating generated_plugin_registrant.h because it is up-to-date.
[   +1 ms] Skipping generating generated_plugin_registrant.cc because it is up-to-date.
[   +1 ms] Skipping generating generated_plugins.cmake because it is up-to-date.
[   +2 ms] Skipping generating generated_plugin_registrant.h because it is up-to-date.
[   +2 ms] Skipping generating generated_plugin_registrant.cc because it is up-to-date.
[   +2 ms] Skipping generating generated_plugins.cmake because it is up-to-date.
[  +87 ms] executing: C:\Program Files (x86)\Microsoft Visual Studio\Installer\vswhere.exe -format json -products * -utf8 -latest -version 16 -requires Microsoft.VisualStudio.Workload.NativeDesktop Microsoft.VisualStudio.Component.VC.Tools.x86.x64 Microsoft.VisualStudio.Component.VC.CMake.Project
[  +77 ms] Exit code 0 from: C:\Program Files (x86)\Microsoft Visual Studio\Installer\vswhere.exe -format json -products * -utf8 -latest -version 16 -requires Microsoft.VisualStudio.Workload.NativeDesktop Microsoft.VisualStudio.Component.VC.Tools.x86.x64 Microsoft.VisualStudio.Component.VC.CMake.Project
[        ] [
             {
               "instanceId": "bfaa7bd2",
               "installDate": "2025-04-28T18:16:41Z",
               "installationName": "VisualStudio/17.14.23+36811.4",
               "installationPath": "C:\\Program Files\\Microsoft Visual Studio\\2022\\Community",
               "installationVersion": "17.14.36811.4",
               "productId": "Microsoft.VisualStudio.Product.Community",
               "productPath": "C:\\Program Files\\Microsoft Visual Studio\\2022\\Community\\Common7\\IDE\\devenv.exe",
               "state": 4294967295,
               "isComplete": true,
               "isLaunchable": true,
               "isPrerelease": false,
               "isRebootRequired": false,
               "displayName": "Visual Studio Community 2022",
               "description": "Powerful IDE, free for students, open-source contributors, and individuals",
               "channelId": "VisualStudio.17.Release",
               "channelUri": "https://aka.ms/vs/17/release/channel",
               "enginePath": "C:\\Program Files (x86)\\Microsoft Visual Studio\\Installer\\resources\\app\\ServiceHub\\Services\\Microsoft.VisualStudio.Setup.Service",
               "installedChannelId": "VisualStudio.17.Release",
               "installedChannelUri": "https://aka.ms/vs/17/release/channel",
               "releaseNotes": "https://docs.microsoft.com/en-us/visualstudio/releases/2022/release-notes-v17.14#17.14.23",
               "resolvedInstallationPath": "C:\\Program Files\\Microsoft Visual Studio\\2022\\Community",
               "thirdPartyNotices": "https://go.microsoft.com/fwlink/?LinkId=661288",
               "updateDate": "2025-12-22T16:53:03.1951295Z",
               "catalog": {
                 "buildBranch": "d17.14",
                 "buildVersion": "17.14.36811.4",
                 "id": "VisualStudio/17.14.23+36811.4",
                 "localBuild": "build-lab",
                 "manifestName": "VisualStudio",
                 "manifestType": "installer",
                 "productDisplayVersion": "17.14.23",
                 "productLine": "Dev17",
                 "productLineVersion": "2022",
                 "productMilestone": "RTW",
                 "productMilestoneIsPreRelease": "False",
                 "productName": "Visual Studio",
                 "productPatchVersion": "23",
                 "productPreReleaseMilestoneSuffix": "1.0",
                 "productSemanticVersion": "17.14.23+36811.4",
                 "requiredEngineVersion": "3.14.2086.54749"
               },
               "properties": {
                 "appLocalWPF": "false",
                 "campaignId": "",
                 "canceled": "0",
                 "channelManifestId": "VisualStudio.17.Release/17.14.23+36811.4",
                 "includeRecommended": "0",
                 "nickname": "",
                 "setupEngineFilePath": "C:\\Program Files (x86)\\Microsoft Visual Studio\\Installer\\setup.exe"
               }
             }
           ]
[   +7 ms] Building Windows application...
[   +9 ms] executing: C:\Program Files\Microsoft Visual Studio\2022\Community\Common7\IDE\CommonExtensions\Microsoft\CMake\CMake\bin\cmake.exe -S C:\Users\TorrentsDR\windows -B C:\Users\TorrentsDR\build\windows\x64 -G Visual Studio 17 2022 -A x64 -DFLUTTER_TARGET_PLATFORM=windows-x64
[  +82 ms] -- Selecting Windows SDK version 10.0.26100.0 to target Windows 10.0.26200.
C:\flutter\bin\flutter.bat : [  +75 ms] Nuget.exe not found, trying to download or use cached version.
At line:1 char:1
+ C:\flutter\bin\flutter.bat build windows --debug -v > build_fail_log. ...
+ ~~~~~~~~~~~~~~~~~~~~~~~~~~~~~~~~~~~~~~~~~~~~~~~~~~~~~~~~~~~~~~~~~~~~~
    + CategoryInfo          : NotSpecified: ([  +75 ms] Nuge...cached version.:String) [], RemoteException
    + FullyQualifiedErrorId : NativeCommandError
 
[+1913 ms] Feeds used:
[        ]   C:\Users\wind xebec\.nuget\packages\
[        ]   https://api.nuget.org/v3/index.json
[        ]   C:\Program Files (x86)\Microsoft SDKs\NuGetPackages\
[  +85 ms] Package "Microsoft.Windows.CppWinRT.2.0.210806.1" is already installed.
[+1348 ms] -- Configuring done (3.4s)
[+1356 ms] -- Generating done (1.3s)
[  +32 ms] -- Build files have been written to: C:/Users/TorrentsDR/build/windows/x64
[  +33 ms] executing: C:\Program Files\Microsoft Visual Studio\2022\Community\Common7\IDE\CommonExtensions\Microsoft\CMake\CMake\bin\cmake.exe --build C:\Users\TorrentsDR\build\windows\x64 --config Debug --target INSTALL --verbose
[ +115 ms] Change Dir: 'C:/Users/TorrentsDR/build/windows/x64'
[        ] Run Build Command(s): "C:/Program Files/Microsoft Visual Studio/2022/Community/MSBuild/Current/Bin/amd64/MSBuild.exe" INSTALL.vcxproj /p:Configuration=Debug /p:Platform=x64 /p:VisualStudioVersion=17.0 /v:n
[ +133 ms] MSBuild version 17.14.23+b0019275e for .NET Framework
[  +68 ms] Build started 9/01/2026 2:17:12 PM.
[ +337 ms] Project "C:\Users\TorrentsDR\build\windows\x64\INSTALL.vcxproj" on node 1 (default targets).
[        ] Project "C:\Users\TorrentsDR\build\windows\x64\INSTALL.vcxproj" (1) is building "C:\Users\TorrentsDR\build\windows\x64\ZERO_CHECK.vcxproj" (2) on node 1 (default targets).
[        ] PrepareForBuild:
[        ]   Structured output is enabled. The formatting of compiler diagnostics will reflect the error hierarchy. See https://aka.ms/cpp/structured-output for more details.
[   +6 ms] InitializeBuildStatus:
[        ]   Creating "x64\Debug\ZERO_CHECK\ZERO_CHECK.tlog\unsuccessfulbuild" because "AlwaysCreate" was specified.
[        ]   Touching "x64\Debug\ZERO_CHECK\ZERO_CHECK.tlog\unsuccessfulbuild".
[  +20 ms] CustomBuild:
[        ]   All outputs are up-to-date.
[  +47 ms] FinalizeBuildStatus:
[        ]   Deleting file "x64\Debug\ZERO_CHECK\ZERO_CHECK.tlog\unsuccessfulbuild".
[   +1 ms]   Touching "x64\Debug\ZERO_CHECK\ZERO_CHECK.tlog\ZERO_CHECK.lastbuildstate".
[   +1 ms] Done Building Project "C:\Users\TorrentsDR\build\windows\x64\ZERO_CHECK.vcxproj" (default targets).
[  +79 ms] Project "C:\Users\TorrentsDR\build\windows\x64\INSTALL.vcxproj" (1) is building "C:\Users\TorrentsDR\build\windows\x64\ALL_BUILD.vcxproj" (3) on node 1 (default targets).
[        ] Project "C:\Users\TorrentsDR\build\windows\x64\ALL_BUILD.vcxproj" (3) is building "C:\Users\TorrentsDR\build\windows\x64\plugins\rust_lib_torrent_app\rust_lib_torrent_app_cargokit.vcxproj" (4) on node 1 (default targets).
[        ] PrepareForBuild:
[        ]   Structured output is enabled. The formatting of compiler diagnostics will reflect the error hierarchy. See https://aka.ms/cpp/structured-output for more details.
[   +2 ms] InitializeBuildStatus:
[        ]   Touching "x64\Debug\rust_lib_torrent_app_cargokit\rust_lib.4510C604.tlog\unsuccessfulbuild".
[   +6 ms] CustomBuild:
[        ]   "The build of 'C:\Users\TorrentsDR\build\windows\x64\CMakeFiles\14ec029eaa2743620064321766111cde\rust_lib_torrent_app_cargokit.rule' depends on 'C:\USERS\TORRENTSDR\BUILD\WINDOWS\X64\PLUGINS\RUST_LIB_TORRENT_APP\DEBUG\RUST_LIB_TORRENT_APP.DLL' which is produced by the build of 'C:\Users\TorrentsDR\build\windows\x64\CMakeFiles\d47ab6db8e6f62c889fed38a144a8bd9\rust_lib_torrent_app.dll.rule'. The items cannot be built in parallel."
[ +115 ms]   Generating Debug/rust_lib_torrent_app.dll, _phony_
[ +405 ms]   SEVERE: ================================================================================
[  +10 ms] SEVERE : Cargokit BuildTool failed with error :  [C:\Users\TorrentsDR\build\windows\x64\plugins\rust_lib_torrent_app\rust_lib_torrent_app_cargokit.vcxproj]
[        ]   SEVERE: --------------------------------------------------------------------------------
[        ]   SEVERE: PathNotFoundException: Cannot open file, path = 'C:/Users/TorrentsDR/windows/flutter/ephemeral/.plugin_symlinks/rust_lib_torrent_app/windows/../../rust\Cargo.toml' (OS Error: The system cannot find the path specified, errno = 3)
[        ]   SEVERE: --------------------------------------------------------------------------------
[        ]   SEVERE: #0      _File.throwIfError (dart:io/file_impl.dart:783:7)
[        ]   SEVERE: #1      _File.openSync (dart:io/file_impl.dart:576:5)
[        ]   SEVERE: #2      _File.readAsBytesSync (dart:io/file_impl.dart:664:18)
[        ]   SEVERE: #3      _File.readAsStringSync (dart:io/file_impl.dart:719:18)
[        ]   SEVERE: #4      CrateInfo.load (package:build_tool/src/cargo.dart:45:35)
[        ]   SEVERE: #5      BuildEnvironment.fromEnvironment (package:build_tool/src/builder.dart:92:33)
[        ]   SEVERE: #6      BuildCMake.build (package:build_tool/src/build_cmake.dart:26:42)
[        ]   SEVERE: #7      BuildCMakeCommand.runBuildCommand (package:build_tool/src/build_tool.dart:79:17)
[        ]   SEVERE: #8      BuildCommand.run (package:build_tool/src/build_tool.dart:37:11)
[        ]   SEVERE: #9      CommandRunner.runCommand (package:args/command_runner.dart:212:27)
[        ]   SEVERE: #10     CommandRunner.run.<anonymous closure> (package:args/command_runner.dart:122:25)
[        ]   SEVERE: #11     new Future.sync (dart:async/future.dart:325:27)
[        ]   SEVERE: #12     CommandRunner.run (package:args/command_runner.dart:122:14)
[        ]   SEVERE: #13     runMain (package:build_tool/src/build_tool.dart:251:18)
[        ]   SEVERE: #14     runMain (package:build_tool/build_tool.dart:7:21)
[        ]   SEVERE: #15     main (file:///c:/users/torrentsdr/build/windows/x64/plugins/rust_lib_torrent_app/cargokit_build/tool/bin/build_tool_runner.dart:3:15)
[        ]   SEVERE: #16     _delayEntrypointInvocation.<anonymous closure> (dart:isolate-patch/isolate_patch.dart:312:33)
[        ]   SEVERE: #17     _RawReceivePort._handleMessage (dart:isolate-patch/isolate_patch.dart:193:12)
[        ]   SEVERE: --------------------------------------------------------------------------------
[        ]   SEVERE: BuildTool arguments: [build-cmake]
[        ]   SEVERE: ================================================================================
[  +26 ms] C:\Program Files\Microsoft Visual 
Studio\2022\Community\MSBuild\Microsoft\VC\v170\Microsoft.CppCommon.targets(254,5): error MSB8066: Custom build for 'C:\Users\
TorrentsDR\build\windows\x64\CMakeFiles\d47ab6db8e6f62c889fed38a144a8bd9\rust_lib_torrent_app.dll.rule;C:\Users\TorrentsDR\bui
ld\windows\x64\CMakeFiles\14ec029eaa2743620064321766111cde\rust_lib_torrent_app_cargokit.rule' exited with code -1. 
[C:\Users\TorrentsDR\build\windows\x64\plugins\rust_lib_torrent_app\rust_lib_torrent_app_cargokit.vcxproj]
[   +6 ms] Done Building Project "C:\Users\TorrentsDR\build\windows\x64\plugins\rust_lib_torrent_app\rust_lib_torrent_app_cargokit.vcxproj" (default targets) -- FAILED.
[   +1 ms] Done Building Project "C:\Users\TorrentsDR\build\windows\x64\ALL_BUILD.vcxproj" (default targets) -- FAILED.
[        ] Done Building Project "C:\Users\TorrentsDR\build\windows\x64\INSTALL.vcxproj" (default targets) -- FAILED.
[   +3 ms] Build FAILED.
[        ] "C:\Users\TorrentsDR\build\windows\x64\INSTALL.vcxproj" (default target) (1) ->
[        ] "C:\Users\TorrentsDR\build\windows\x64\ALL_BUILD.vcxproj" (default target) (3) ->
[        ] "C:\Users\TorrentsDR\build\windows\x64\plugins\rust_lib_torrent_app\rust_lib_torrent_app_cargokit.vcxproj" (default target) (4) ->
[        ] (CustomBuild target) -> 
[        ]   SEVERE : Cargokit BuildTool failed with error :  [C:\Users\TorrentsDR\build\windows\x64\plugins\rust_lib_torrent_app\rust_lib_torrent_app_cargokit.vcxproj]
[        ]   C:\Program Files\Microsoft Visual 
Studio\2022\Community\MSBuild\Microsoft\VC\v170\Microsoft.CppCommon.targets(254,5): error MSB8066: Custom build for 'C:\Users\
TorrentsDR\build\windows\x64\CMakeFiles\d47ab6db8e6f62c889fed38a144a8bd9\rust_lib_torrent_app.dll.rule;C:\Users\TorrentsDR\bui
ld\windows\x64\CMakeFiles\14ec029eaa2743620064321766111cde\rust_lib_torrent_app_cargokit.rule' exited with code -1. 
[C:\Users\TorrentsDR\build\windows\x64\plugins\rust_lib_torrent_app\rust_lib_torrent_app_cargokit.vcxproj]
[        ]     0 Warning(s)
[        ]     2 Error(s)
[        ] Time Elapsed 00:00:01.08
[  +38 ms] Building Windows application... (completed in 6.4s)
[   +1 ms] "flutter windows" took 7,980ms.
[ +110 ms] Build process failed.
[        ] 
           #0      throwToolExit (package:flutter_tools/src/base/common.dart:34:3)
           #1      _runBuild (package:flutter_tools/src/windows/build_windows.dart:262:5)
           <asynchronous suspension>
           #2      buildWindows (package:flutter_tools/src/windows/build_windows.dart:118:5)
           <asynchronous suspension>
           #3      BuildWindowsCommand.runCommand (package:flutter_tools/src/commands/build_windows.dart:72:5)
           <asynchronous suspension>
           #4      FlutterCommand.run.<anonymous closure> (package:flutter_tools/src/runner/flutter_command.dart:1559:27)
           <asynchronous suspension>
           #5      AppContext.run.<anonymous closure> (package:flutter_tools/src/base/context.dart:154:19)
           <asynchronous suspension>
           #6      CommandRunner.runCommand (package:args/command_runner.dart:212:13)
           <asynchronous suspension>
           #7      FlutterCommandRunner.runCommand.<anonymous closure> 
(package:flutter_tools/src/runner/flutter_command_runner.dart:487:9)
           <asynchronous suspension>
           #8      AppContext.run.<anonymous closure> (package:flutter_tools/src/base/context.dart:154:19)
           <asynchronous suspension>
           #9      FlutterCommandRunner.runCommand (package:flutter_tools/src/runner/flutter_command_runner.dart:422:5)
           <asynchronous suspension>
           #10     run.<anonymous closure>.<anonymous closure> (package:flutter_tools/runner.dart:104:11)
           <asynchronous suspension>
           #11     AppContext.run.<anonymous closure> (package:flutter_tools/src/base/context.dart:154:19)
           <asynchronous suspension>
           #12     main (package:flutter_tools/executable.dart:103:3)
           <asynchronous suspension>


[        ] Running 1 shutdown hook
[   +3 ms] Shutdown hooks complete
[ +273 ms] exiting with code 1
